{"contracts\\SimpleStorage.sol":{"l":{"20":1,"24":2,"28":1,"29":1},"path":"C:\\Windows\\System32\\HH-simplestorage\\contracts\\SimpleStorage.sol","s":{"1":2,"2":1},"b":{},"f":{"1":1,"2":2,"3":1},"fnMap":{"1":{"name":"store","line":19,"loc":{"start":{"line":19,"column":4},"end":{"line":21,"column":4}}},"2":{"name":"retrieve","line":23,"loc":{"start":{"line":23,"column":4},"end":{"line":25,"column":4}}},"3":{"name":"addPerson","line":27,"loc":{"start":{"line":27,"column":4},"end":{"line":30,"column":4}}}},"statementMap":{"1":{"start":{"line":24,"column":8},"end":{"line":24,"column":29}},"2":{"start":{"line":28,"column":8},"end":{"line":28,"column":50}}},"branchMap":{}}}